#
# A fatal error has been detected by the Java Runtime Environment:
#
#  Internal Error (javaCalls.cpp:51), pid=9441, tid=0x0000000000002c03
#  guarantee(thread->is_Java_thread()) failed: crucial check - the VM thread cannot and must not escape to Java code
#
# JRE version: OpenJDK Runtime Environment (8.0_252-b09) (build 1.8.0_252-b09)
# Java VM: OpenJDK 64-Bit Server VM (25.252-b09 mixed mode bsd-amd64 compressed oops)
# Failed to write core dump. Core dumps have been disabled. To enable core dumping, try "ulimit -c unlimited" before starting Java again
#
# If you would like to submit a bug report, please include
# instructions on how to reproduce the bug and visit:
#   http://bugreport.java.com/bugreport/crash.jsp
#

---------------  T H R E A D  ---------------

Current thread (0x00007fd9f6817800):  VMThread [stack: 0x000070000f9a5000,0x000070000faa5000] [id=11267]

Stack: [0x000070000f9a5000,0x000070000faa5000],  sp=0x000070000faa3810,  free space=1018k
Native frames: (J=compiled Java code, j=interpreted, Vv=VM code, C=native code)
V  [libjvm.dylib+0x58745f]  VMError::report_and_die()+0x3df
V  [libjvm.dylib+0x1db8d9]  report_vm_error(char const*, int, char const*, char const*)+0x54
V  [libjvm.dylib+0x2d587d]  JavaCallWrapper::JavaCallWrapper(methodHandle, Handle, JavaValue*, Thread*)+0x61
V  [libjvm.dylib+0x2d6cd4]  JavaCalls::call_helper(JavaValue*, methodHandle*, JavaCallArguments*, Thread*)+0x540
V  [libjvm.dylib+0x2d618a]  JavaCalls::call_special(JavaValue*, KlassHandle, Symbol*, Symbol*, JavaCallArguments*, Thread*)+0x118
V  [libjvm.dylib+0x233467]  Exceptions::new_exception(Thread*, Symbol*, Symbol*, JavaCallArguments*, Handle, Handle)+0xc1
V  [libjvm.dylib+0x2337c2]  Exceptions::new_exception(Thread*, Symbol*, Symbol*, JavaCallArguments*, Handle, Handle, Handle)+0x36
V  [libjvm.dylib+0x233186]  Exceptions::new_exception(Thread*, Symbol*, char const*, Handle, Handle, Handle, Exceptions::ExceptionMsgToUtf8Mode)+0x190
V  [libjvm.dylib+0x2338d8]  Exceptions::new_exception(Thread*, Symbol*, char const*, Exceptions::ExceptionMsgToUtf8Mode)+0x18
V  [libjvm.dylib+0x270cd7]  GenerateOopMap::verify_error(char const*, ...)+0xef
V  [libjvm.dylib+0x270d93]  GenerateOopMap::pop()+0x2b
V  [libjvm.dylib+0x272d5f]  GenerateOopMap::do_method(int, int, int, int)+0x121
V  [libjvm.dylib+0x2715d0]  GenerateOopMap::interp_bb(BasicBlock*)+0x17a
V  [libjvm.dylib+0x271243]  GenerateOopMap::interp_all()+0x53
V  [libjvm.dylib+0x270e8f]  GenerateOopMap::do_interpretation()+0x4b
V  [libjvm.dylib+0x273556]  GenerateOopMap::compute_map(Thread*)+0x222
V  [libjvm.dylib+0x46930a]  OopMapForCacheEntry::compute_map(Thread*)+0x8a
V  [libjvm.dylib+0x469bea]  OopMapCacheEntry::fill(methodHandle, int)+0x1c4
V  [libjvm.dylib+0x46a660]  OopMapCache::compute_one_oop_map(methodHandle, int, InterpreterOopMap*)+0x170
V  [libjvm.dylib+0x46a3df]  OopMapCache::lookup(methodHandle, int, InterpreterOopMap*) const+0x319
V  [libjvm.dylib+0x2a2038]  InstanceKlass::mask_for(methodHandle, int, InterpreterOopMap*)+0xd4
V  [libjvm.dylib+0x4347a9]  Method::mask_for(int, InterpreterOopMap*)+0xa5
V  [libjvm.dylib+0x376d37]  VM_GetOrSetLocal::doit()+0x49
V  [libjvm.dylib+0x599a41]  VM_Operation::evaluate()+0x47
V  [libjvm.dylib+0x599424]  VMThread::evaluate_operation(VM_Operation*)+0x160
V  [libjvm.dylib+0x599008]  VMThread::loop()+0x304
V  [libjvm.dylib+0x598bfa]  VMThread::run()+0x86
V  [libjvm.dylib+0x46ef74]  java_start(Thread*)+0xf0
C  [libsystem_pthread.dylib+0x6109]  _pthread_start+0x94
C  [libsystem_pthread.dylib+0x1b8b]  thread_start+0xf

VM_Operation (0x000070000ffb6ad8): GetOrSetLocal, mode: safepoint, requested by thread 0x00007fd9f6835800


---------------  P R O C E S S  ---------------

Java Threads: ( => current thread )
  0x00007fd9f591d800 JavaThread "Service Thread" daemon [_thread_blocked, id=15363, stack(0x00007000104c9000,0x00007000105c9000)]
  0x00007fd9f6923800 JavaThread "C1 CompilerThread2" daemon [_thread_blocked, id=14851, stack(0x00007000103c6000,0x00007000104c6000)]
  0x00007fd9f6923000 JavaThread "C2 CompilerThread1" daemon [_thread_blocked, id=17667, stack(0x00007000102c3000,0x00007000103c3000)]
  0x00007fd9f61c1000 JavaThread "C2 CompilerThread0" daemon [_thread_blocked, id=18179, stack(0x00007000101c0000,0x00007000102c0000)]
  0x00007fd9f7018800 JavaThread "JDWP Command Reader" daemon [_thread_in_native, id=14339, stack(0x00007000100bd000,0x00007000101bd000)]
  0x00007fd9f6836800 JavaThread "JDWP Event Helper Thread" daemon [_thread_blocked, id=18435, stack(0x000070000ffba000,0x00007000100ba000)]
  0x00007fd9f6835800 JavaThread "JDWP Transport Listener: dt_socket" daemon [_thread_blocked, id=18695, stack(0x000070000feb7000,0x000070000ffb7000)]
  0x00007fd9f602f000 JavaThread "Signal Dispatcher" daemon [_thread_blocked, id=13571, stack(0x000070000fdb4000,0x000070000feb4000)]
  0x00007fd9f580e800 JavaThread "Finalizer" daemon [_thread_blocked, id=12035, stack(0x000070000fbab000,0x000070000fcab000)]
  0x00007fd9f7017800 JavaThread "Reference Handler" daemon [_thread_blocked, id=21507, stack(0x000070000faa8000,0x000070000fba8000)]
  0x00007fd9f5808800 JavaThread "main" [_thread_blocked, id=3843, stack(0x000070000f496000,0x000070000f596000)]

Other Threads:
=>0x00007fd9f6817800 VMThread [stack: 0x000070000f9a5000,0x000070000faa5000] [id=11267]
  0x00007fd9f5823000 WatcherThread [stack: 0x00007000105cc000,0x00007000106cc000] [id=15875]

VM state:at safepoint (normal execution)

VM Mutex/Monitor currently owned by a thread:  ([mutex/lock_event])
[0x00007fd9f5506d20] Threads_lock - owner thread: 0x00007fd9f6817800

heap address: 0x0000000740000000, size: 2048 MB, Compressed Oops mode: Zero based, Oop shift amount: 3
Narrow klass base: 0x0000000000000000, Narrow klass shift: 3
Compressed class space size: 1073741824 Address: 0x00000007c0000000

Heap:
 PSYoungGen      total 38400K, used 16824K [0x0000000795580000, 0x0000000798000000, 0x00000007c0000000)
  eden space 33280K, 38% used [0x0000000795580000,0x00000007961f72c0,0x0000000797600000)
  from space 5120K, 79% used [0x0000000797600000,0x00000007979f6d48,0x0000000797b00000)
  to   space 5120K, 0% used [0x0000000797b00000,0x0000000797b00000,0x0000000798000000)
 ParOldGen       total 87552K, used 8K [0x0000000740000000, 0x0000000745580000, 0x0000000795580000)
  object space 87552K, 0% used [0x0000000740000000,0x0000000740002000,0x0000000745580000)
 Metaspace       used 8904K, capacity 9002K, committed 9216K, reserved 1056768K
  class space    used 938K, capacity 977K, committed 1024K, reserved 1048576K

Card table byte_map: [0x000000010e401000,0x000000010e802000] byte_map_base: 0x000000010aa01000

Marking Bits: (ParMarkBitMap*) 0x000000010dcfaa38
 Begin Bits: [0x000000010eaad000, 0x0000000110aad000)
 End Bits:   [0x0000000110aad000, 0x0000000112aad000)

Polling page: 0x000000010cda2000

CodeCache: size=245760Kb used=2699Kb max_used=2710Kb free=243060Kb
 bounds [0x0000000118634000, 0x00000001188e4000, 0x0000000127634000]
 total_blobs=817 nmethods=524 adapters=216
 compilation: enabled

Compilation events (10 events):
Event: 2.262 Thread 0x00007fd9f6923800  520   !   3       java.util.concurrent.ConcurrentHashMap::putVal (362 bytes)
Event: 2.264 Thread 0x00007fd9f6923800 nmethod 520 0x00000001188cfb50 code [0x00000001188cfe40, 0x00000001188d1998]
Event: 2.274 Thread 0x00007fd9f6923800  521   !   3       java.lang.ClassLoader::loadClass (122 bytes)
Event: 2.277 Thread 0x00007fd9f6923800 nmethod 521 0x00000001188d2750 code [0x00000001188d2ac0, 0x00000001188d4db8]
Event: 2.277 Thread 0x00007fd9f6923800  522       3       java.lang.ClassLoader::getClassLoadingLock (35 bytes)
Event: 2.278 Thread 0x00007fd9f6923800 nmethod 522 0x00000001188c4bd0 code [0x00000001188c4d60, 0x00000001188c51a8]
Event: 2.286 Thread 0x00007fd9f6923800  523       3       java.util.concurrent.ConcurrentHashMap::addCount (292 bytes)
Event: 2.288 Thread 0x00007fd9f6923800 nmethod 523 0x00000001188d66d0 code [0x00000001188d68e0, 0x00000001188d74a8]
Event: 2.298 Thread 0x00007fd9f61c1000  524       4       java.lang.CharacterDataLatin1::toUpperCase (53 bytes)
Event: 2.299 Thread 0x00007fd9f61c1000 nmethod 524 0x00000001188daa90 code [0x00000001188dabe0, 0x00000001188dacf8]

GC Heap History (2 events):
Event: 2.070 GC heap before
{Heap before GC invocations=1 (full 0):
 PSYoungGen      total 38400K, used 33280K [0x0000000795580000, 0x0000000798000000, 0x00000007c0000000)
  eden space 33280K, 100% used [0x0000000795580000,0x0000000797600000,0x0000000797600000)
  from space 5120K, 0% used [0x0000000797b00000,0x0000000797b00000,0x0000000798000000)
  to   space 5120K, 0% used [0x0000000797600000,0x0000000797600000,0x0000000797b00000)
 ParOldGen       total 87552K, used 0K [0x0000000740000000, 0x0000000745580000, 0x0000000795580000)
  object space 87552K, 0% used [0x0000000740000000,0x0000000740000000,0x0000000745580000)
 Metaspace       used 7539K, capacity 7690K, committed 7808K, reserved 1056768K
  class space    used 781K, capacity 817K, committed 896K, reserved 1048576K
Event: 2.076 GC heap after
Heap after GC invocations=1 (full 0):
 PSYoungGen      total 38400K, used 4059K [0x0000000795580000, 0x0000000798000000, 0x00000007c0000000)
  eden space 33280K, 0% used [0x0000000795580000,0x0000000795580000,0x0000000797600000)
  from space 5120K, 79% used [0x0000000797600000,0x00000007979f6d48,0x0000000797b00000)
  to   space 5120K, 0% used [0x0000000797b00000,0x0000000797b00000,0x0000000798000000)
 ParOldGen       total 87552K, used 8K [0x0000000740000000, 0x0000000745580000, 0x0000000795580000)
  object space 87552K, 0% used [0x0000000740000000,0x0000000740002000,0x0000000745580000)
 Metaspace       used 7539K, capacity 7690K, committed 7808K, reserved 1056768K
  class space    used 781K, capacity 817K, committed 896K, reserved 1048576K
}

Deoptimization events (1 events):
Event: 2.211 Thread 0x00007fd9f5808800 Uncommon trap: reason=range_check action=make_not_entrant pc=0x000000011884f574 method=sun.reflect.generics.parser.SignatureParser.current()C @ 34

Classes redefined (2 events):
Event: 44.745 Thread 0x00007fd9f6817800 redefined class name=com.kubikdata.controllers.UserSessionControllerEndToEndShould, count=1
Event: 141.571 Thread 0x00007fd9f6817800 redefined class name=com.kubikdata.controllers.UserSessionControllerEndToEndShould, count=2

Internal exceptions (10 events):
Event: 0.350 Thread 0x00007fd9f5808800 Exception <a 'java/lang/NoSuchMethodError': Method sun.misc.Unsafe.defineClass(Ljava/lang/String;[BII)Ljava/lang/Class; name or signature does not match> (0x0000000795588288) thrown at [/corretto/workspace/corretto8-repo/installers/mac/tar/corretto-build/
Event: 0.350 Thread 0x00007fd9f5808800 Exception <a 'java/lang/NoSuchMethodError': Method sun.misc.Unsafe.prefetchRead(Ljava/lang/Object;J)V name or signature does not match> (0x0000000795588570) thrown at [/corretto/workspace/corretto8-repo/installers/mac/tar/corretto-build/buildRoot/src/hots
Event: 0.881 Thread 0x00007fd9f5808800 Exception <a 'java/io/FileNotFoundException'> (0x0000000795b95168) thrown at [/corretto/workspace/corretto8-repo/installers/mac/tar/corretto-build/buildRoot/src/hotspot/src/share/vm/prims/jni.cpp, line 710]
Event: 1.058 Thread 0x00007fd9f5808800 Exception <a 'java/security/PrivilegedActionException'> (0x0000000795d4d7a8) thrown at [/corretto/workspace/corretto8-repo/installers/mac/tar/corretto-build/buildRoot/src/hotspot/src/share/vm/prims/jvm.cpp, line 1501]
Event: 1.058 Thread 0x00007fd9f5808800 Exception <a 'java/security/PrivilegedActionException'> (0x0000000795d4dba0) thrown at [/corretto/workspace/corretto8-repo/installers/mac/tar/corretto-build/buildRoot/src/hotspot/src/share/vm/prims/jvm.cpp, line 1501]
Event: 1.059 Thread 0x00007fd9f5808800 Exception <a 'java/security/PrivilegedActionException'> (0x0000000795d50d58) thrown at [/corretto/workspace/corretto8-repo/installers/mac/tar/corretto-build/buildRoot/src/hotspot/src/share/vm/prims/jvm.cpp, line 1501]
Event: 1.059 Thread 0x00007fd9f5808800 Exception <a 'java/security/PrivilegedActionException'> (0x0000000795d51150) thrown at [/corretto/workspace/corretto8-repo/installers/mac/tar/corretto-build/buildRoot/src/hotspot/src/share/vm/prims/jvm.cpp, line 1501]
Event: 1.059 Thread 0x00007fd9f5808800 Exception <a 'java/security/PrivilegedActionException'> (0x0000000795d521f0) thrown at [/corretto/workspace/corretto8-repo/installers/mac/tar/corretto-build/buildRoot/src/hotspot/src/share/vm/prims/jvm.cpp, line 1501]
Event: 1.059 Thread 0x00007fd9f5808800 Exception <a 'java/security/PrivilegedActionException'> (0x0000000795d525e8) thrown at [/corretto/workspace/corretto8-repo/installers/mac/tar/corretto-build/buildRoot/src/hotspot/src/share/vm/prims/jvm.cpp, line 1501]
Event: 2.211 Thread 0x00007fd9f5808800 Exception <a 'java/lang/ArrayIndexOutOfBoundsException': 18> (0x0000000795e29708) thrown at [/corretto/workspace/corretto8-repo/installers/mac/tar/corretto-build/buildRoot/src/hotspot/src/share/vm/interpreter/interpreterRuntime.cpp, line 371]

Events (10 events):
Event: 141.532 Executing VM operation: ChangeBreakpoints done
Event: 141.534 Executing VM operation: ChangeBreakpoints
Event: 141.534 Executing VM operation: ChangeBreakpoints done
Event: 141.544 Executing VM operation: RedefineClasses
Event: 141.572 Executing VM operation: RedefineClasses done
Event: 141.766 Executing VM operation: ChangeBreakpoints
Event: 141.767 Executing VM operation: ChangeBreakpoints done
Event: 141.787 Executing VM operation: ChangeBreakpoints
Event: 141.787 Executing VM operation: ChangeBreakpoints done
Event: 141.893 Executing VM operation: GetOrSetLocal


Dynamic libraries:
0x00007fff3248f000 	/System/Library/Frameworks/Cocoa.framework/Versions/A/Cocoa
0x00007fff3fc6c000 	/System/Library/Frameworks/Security.framework/Versions/A/Security
0x00007fff313f9000 	/System/Library/Frameworks/ApplicationServices.framework/Versions/A/ApplicationServices
0x00007fff6c816000 	/usr/lib/libz.1.dylib
0x00007fff6a2da000 	/usr/lib/libSystem.B.dylib
0x00007fff3332a000 	/System/Library/Frameworks/CoreFoundation.framework/Versions/A/CoreFoundation
0x00007fff359e0000 	/System/Library/Frameworks/Foundation.framework/Versions/C/Foundation
0x00007fff6c13a000 	/usr/lib/libobjc.A.dylib
0x00007fff305ea000 	/System/Library/Frameworks/AppKit.framework/Versions/C/AppKit
0x00007fff32e13000 	/System/Library/Frameworks/CoreData.framework/Versions/A/CoreData
0x00007fff642fb000 	/System/Library/PrivateFrameworks/UIFoundation.framework/Versions/A/UIFoundation
0x00007fff5f3a9000 	/System/Library/PrivateFrameworks/RemoteViewServices.framework/Versions/A/RemoteViewServices
0x00007fff66e4f000 	/System/Library/PrivateFrameworks/XCTTargetBootstrap.framework/Versions/A/XCTTargetBootstrap
0x00007fff331fe000 	/System/Library/Frameworks/CoreDisplay.framework/Versions/A/CoreDisplay
0x00007fff38899000 	/System/Library/Frameworks/Metal.framework/Versions/A/Metal
0x00007fff4d402000 	/System/Library/PrivateFrameworks/DesktopServicesPriv.framework/Versions/A/DesktopServicesPriv
0x00007fff6b417000 	/usr/lib/liblangid.dylib
0x00007fff4c69b000 	/System/Library/PrivateFrameworks/CoreSVG.framework/Versions/A/CoreSVG
0x00007fff624ff000 	/System/Library/PrivateFrameworks/SkyLight.framework/Versions/A/SkyLight
0x00007fff337ab000 	/System/Library/Frameworks/CoreGraphics.framework/Versions/A/CoreGraphics
0x00007fff2efbe000 	/System/Library/Frameworks/Accelerate.framework/Versions/A/Accelerate
0x00007fff6c707000 	/usr/lib/libxml2.2.dylib
0x00007fff5835b000 	/System/Library/PrivateFrameworks/IconServices.framework/Versions/A/IconServices
0x00007fff361bf000 	/System/Library/Frameworks/IOSurface.framework/Versions/A/IOSurface
0x00007fff69e04000 	/usr/lib/libDiagnosticMessagesClient.dylib
0x00007fff4d25c000 	/System/Library/PrivateFrameworks/DFRFoundation.framework/Versions/A/DFRFoundation
0x00007fff6b1a6000 	/usr/lib/libicucore.A.dylib
0x00007fff3172b000 	/System/Library/Frameworks/AudioToolbox.framework/Versions/A/AudioToolbox
0x00007fff3180e000 	/System/Library/Frameworks/AudioUnit.framework/Versions/A/AudioUnit
0x00007fff6a4dc000 	/usr/lib/libauto.dylib
0x00007fff4d2fe000 	/System/Library/PrivateFrameworks/DataDetectorsCore.framework/Versions/A/DataDetectorsCore
0x00007fff31fb0000 	/System/Library/Frameworks/Carbon.framework/Versions/A/Frameworks/HIToolbox.framework/Versions/A/HIToolbox
0x00007fff3ee69000 	/System/Library/Frameworks/QuartzCore.framework/Versions/A/QuartzCore
0x00007fff322ef000 	/System/Library/Frameworks/Carbon.framework/Versions/A/Frameworks/SpeechRecognition.framework/Versions/A/SpeechRecognition
0x00007fff4cd73000 	/System/Library/PrivateFrameworks/CoreUI.framework/Versions/A/CoreUI
0x00007fff3287e000 	/System/Library/Frameworks/CoreAudio.framework/Versions/A/CoreAudio
0x00007fff356a5000 	/System/Library/Frameworks/DiskArbitration.framework/Versions/A/DiskArbitration
0x00007fff5a3a8000 	/System/Library/PrivateFrameworks/MultitouchSupport.framework/Versions/A/MultitouchSupport
0x00007fff6b06d000 	/usr/lib/libenergytrace.dylib
0x00007fff36119000 	/System/Library/Frameworks/IOKit.framework/Versions/A/IOKit
0x00007fff34712000 	/System/Library/Frameworks/CoreServices.framework/Versions/A/CoreServices
0x00007fff5c53f000 	/System/Library/PrivateFrameworks/PerformanceAnalysis.framework/Versions/A/PerformanceAnalysis
0x00007fff3de9c000 	/System/Library/Frameworks/OpenGL.framework/Versions/A/OpenGL
0x00007fff3249d000 	/System/Library/Frameworks/ColorSync.framework/Versions/A/ColorSync
0x00007fff33e2d000 	/System/Library/Frameworks/CoreImage.framework/Versions/A/CoreImage
0x00007fff35184000 	/System/Library/Frameworks/CoreText.framework/Versions/A/CoreText
0x00007fff3624f000 	/System/Library/Frameworks/ImageIO.framework/Versions/A/ImageIO
0x00007fff6a5c0000 	/usr/lib/libc++.1.dylib
0x00007fff6a63c000 	/usr/lib/libcompression.dylib
0x00007fff6a148000 	/usr/lib/libMobileGestalt.dylib
0x00007fff64074000 	/System/Library/PrivateFrameworks/TextureIO.framework/Versions/A/TextureIO
0x00007fff6a43f000 	/usr/lib/libate.dylib
0x00007fff58564000 	/System/Library/PrivateFrameworks/InternationalSupport.framework/Versions/A/InternationalSupport
0x00007fff6d0d6000 	/usr/lib/system/libcache.dylib
0x00007fff6d0dc000 	/usr/lib/system/libcommonCrypto.dylib
0x00007fff6d0e8000 	/usr/lib/system/libcompiler_rt.dylib
0x00007fff6d0f0000 	/usr/lib/system/libcopyfile.dylib
0x00007fff6d0fa000 	/usr/lib/system/libcorecrypto.dylib
0x00007fff6d299000 	/usr/lib/system/libdispatch.dylib
0x00007fff6d2da000 	/usr/lib/system/libdyld.dylib
0x00007fff6d311000 	/usr/lib/system/libkeymgr.dylib
0x00007fff6d31f000 	/usr/lib/system/liblaunch.dylib
0x00007fff6d320000 	/usr/lib/system/libmacho.dylib
0x00007fff6d326000 	/usr/lib/system/libquarantine.dylib
0x00007fff6d329000 	/usr/lib/system/libremovefile.dylib
0x00007fff6d32b000 	/usr/lib/system/libsystem_asl.dylib
0x00007fff6d343000 	/usr/lib/system/libsystem_blocks.dylib
0x00007fff6d344000 	/usr/lib/system/libsystem_c.dylib
0x00007fff6d3cc000 	/usr/lib/system/libsystem_configuration.dylib
0x00007fff6d3d0000 	/usr/lib/system/libsystem_coreservices.dylib
0x00007fff6d3d4000 	/usr/lib/system/libsystem_darwin.dylib
0x00007fff6d3dd000 	/usr/lib/system/libsystem_dnssd.dylib
0x00007fff6d3e5000 	/usr/lib/system/libsystem_featureflags.dylib
0x00007fff6d3e7000 	/usr/lib/system/libsystem_info.dylib
0x00007fff6d462000 	/usr/lib/system/libsystem_m.dylib
0x00007fff6d4aa000 	/usr/lib/system/libsystem_malloc.dylib
0x00007fff6d4d2000 	/usr/lib/system/libsystem_networkextension.dylib
0x00007fff6d4e0000 	/usr/lib/system/libsystem_notify.dylib
0x00007fff6d4fe000 	/usr/lib/system/libsystem_sandbox.dylib
0x00007fff6d503000 	/usr/lib/system/libsystem_secinit.dylib
0x00007fff6d435000 	/usr/lib/system/libsystem_kernel.dylib
0x00007fff6d4ea000 	/usr/lib/system/libsystem_platform.dylib
0x00007fff6d4f3000 	/usr/lib/system/libsystem_pthread.dylib
0x00007fff6d506000 	/usr/lib/system/libsystem_symptoms.dylib
0x00007fff6d50e000 	/usr/lib/system/libsystem_trace.dylib
0x00007fff6d526000 	/usr/lib/system/libunwind.dylib
0x00007fff6d52c000 	/usr/lib/system/libxpc.dylib
0x00007fff6a613000 	/usr/lib/libc++abi.dylib
0x00007fff6b419000 	/usr/lib/liblzma.5.dylib
0x00007fff6b094000 	/usr/lib/libfakelink.dylib
0x00007fff6a3cc000 	/usr/lib/libarchive.2.dylib
0x00007fff40d1c000 	/System/Library/Frameworks/SystemConfiguration.framework/Versions/A/SystemConfiguration
0x00007fff69d37000 	/usr/lib/libCRFSuite.dylib
0x00007fff31ba1000 	/System/Library/Frameworks/CFNetwork.framework/Versions/A/CFNetwork
0x00007fff6a5a2000 	/usr/lib/libbsm.0.dylib
0x00007fff6d312000 	/usr/lib/system/libkxld.dylib
0x00007fff46c31000 	/System/Library/PrivateFrameworks/AppleFSCompression.framework/Versions/A/AppleFSCompression
0x00007fff6a92d000 	/usr/lib/libcoretls.dylib
0x00007fff6a944000 	/usr/lib/libcoretls_cfhelpers.dylib
0x00007fff6c180000 	/usr/lib/libpam.2.dylib
0x00007fff6c2b5000 	/usr/lib/libsqlite3.dylib
0x00007fff6c6f4000 	/usr/lib/libxar.1.dylib
0x00007fff6a5b3000 	/usr/lib/libbz2.1.0.dylib
0x00007fff6b0b5000 	/usr/lib/libiconv.2.dylib
0x00007fff6a629000 	/usr/lib/libcharset.1.dylib
0x00007fff6bc1f000 	/usr/lib/libnetwork.dylib
0x00007fff6c187000 	/usr/lib/libpcap.A.dylib
0x00007fff6a381000 	/usr/lib/libapple_nghttp2.dylib
0x00007fff34ac9000 	/System/Library/Frameworks/CoreServices.framework/Versions/A/Frameworks/FSEvents.framework/Versions/A/FSEvents
0x00007fff34799000 	/System/Library/Frameworks/CoreServices.framework/Versions/A/Frameworks/CarbonCore.framework/Versions/A/CarbonCore
0x00007fff34d0c000 	/System/Library/Frameworks/CoreServices.framework/Versions/A/Frameworks/Metadata.framework/Versions/A/Metadata
0x00007fff34da5000 	/System/Library/Frameworks/CoreServices.framework/Versions/A/Frameworks/OSServices.framework/Versions/A/OSServices
0x00007fff34dd3000 	/System/Library/Frameworks/CoreServices.framework/Versions/A/Frameworks/SearchKit.framework/Versions/A/SearchKit
0x00007fff34713000 	/System/Library/Frameworks/CoreServices.framework/Versions/A/Frameworks/AE.framework/Versions/A/AE
0x00007fff34ad2000 	/System/Library/Frameworks/CoreServices.framework/Versions/A/Frameworks/LaunchServices.framework/Versions/A/LaunchServices
0x00007fff34a7b000 	/System/Library/Frameworks/CoreServices.framework/Versions/A/Frameworks/DictionaryServices.framework/Versions/A/DictionaryServices
0x00007fff34e3b000 	/System/Library/Frameworks/CoreServices.framework/Versions/A/Frameworks/SharedFileList.framework/Versions/A/SharedFileList
0x00007fff39cbc000 	/System/Library/Frameworks/NetFS.framework/Versions/A/NetFS
0x00007fff5a8d7000 	/System/Library/PrivateFrameworks/NetAuth.framework/Versions/A/NetAuth
0x00007fff6721c000 	/System/Library/PrivateFrameworks/login.framework/Versions/A/Frameworks/loginsupport.framework/Versions/A/loginsupport
0x00007fff63b41000 	/System/Library/PrivateFrameworks/TCC.framework/Versions/A/TCC
0x00007fff4b80e000 	/System/Library/PrivateFrameworks/CoreNLP.framework/Versions/A/CoreNLP
0x00007fff59dd6000 	/System/Library/PrivateFrameworks/MetadataUtilities.framework/Versions/A/MetadataUtilities
0x00007fff6b4f1000 	/usr/lib/libmecabra.dylib
0x00007fff6b449000 	/usr/lib/libmecab.dylib
0x00007fff6b0a5000 	/usr/lib/libgermantok.dylib
0x00007fff6a368000 	/usr/lib/libThaiTokenizer.dylib
0x00007fff69d6e000 	/usr/lib/libChineseTokenizer.dylib
0x00007fff2efd6000 	/System/Library/Frameworks/Accelerate.framework/Versions/A/Frameworks/vImage.framework/Versions/A/vImage
0x00007fff30440000 	/System/Library/Frameworks/Accelerate.framework/Versions/A/Frameworks/vecLib.framework/Versions/A/vecLib
0x00007fff3037d000 	/System/Library/Frameworks/Accelerate.framework/Versions/A/Frameworks/vecLib.framework/Versions/A/libvMisc.dylib
0x00007fff301a5000 	/System/Library/Frameworks/Accelerate.framework/Versions/A/Frameworks/vecLib.framework/Versions/A/libvDSP.dylib
0x00007fff2f62d000 	/System/Library/Frameworks/Accelerate.framework/Versions/A/Frameworks/vecLib.framework/Versions/A/libBLAS.dylib
0x00007fff2fd69000 	/System/Library/Frameworks/Accelerate.framework/Versions/A/Frameworks/vecLib.framework/Versions/A/libLAPACK.dylib
0x00007fff30105000 	/System/Library/Frameworks/Accelerate.framework/Versions/A/Frameworks/vecLib.framework/Versions/A/libLinearAlgebra.dylib
0x00007fff30192000 	/System/Library/Frameworks/Accelerate.framework/Versions/A/Frameworks/vecLib.framework/Versions/A/libSparseBLAS.dylib
0x00007fff3011b000 	/System/Library/Frameworks/Accelerate.framework/Versions/A/Frameworks/vecLib.framework/Versions/A/libQuadrature.dylib
0x00007fff2f895000 	/System/Library/Frameworks/Accelerate.framework/Versions/A/Frameworks/vecLib.framework/Versions/A/libBNNS.dylib
0x00007fff30121000 	/System/Library/Frameworks/Accelerate.framework/Versions/A/Frameworks/vecLib.framework/Versions/A/libSparse.dylib
0x00007fff5894c000 	/System/Library/PrivateFrameworks/LanguageModeling.framework/Versions/A/LanguageModeling
0x00007fff4b1be000 	/System/Library/PrivateFrameworks/CoreEmoji.framework/Versions/A/CoreEmoji
0x00007fff58a6a000 	/System/Library/PrivateFrameworks/LinguisticData.framework/Versions/A/LinguisticData
0x00007fff58a1b000 	/System/Library/PrivateFrameworks/Lexicon.framework/Versions/A/Lexicon
0x00007fff6a62a000 	/usr/lib/libcmph.dylib
0x00007fff3c8aa000 	/System/Library/Frameworks/OpenDirectory.framework/Versions/A/Frameworks/CFOpenDirectory.framework/Versions/A/CFOpenDirectory
0x00007fff3c8c7000 	/System/Library/Frameworks/OpenDirectory.framework/Versions/A/OpenDirectory
0x00007fff44ce7000 	/System/Library/PrivateFrameworks/APFS.framework/Versions/A/APFS
0x00007fff3ffb6000 	/System/Library/Frameworks/SecurityFoundation.framework/Versions/A/SecurityFoundation
0x00007fff6c6f0000 	/usr/lib/libutil.dylib
0x00007fff4c6f3000 	/System/Library/PrivateFrameworks/CoreServicesStore.framework/Versions/A/CoreServicesStore
0x00007fff4006d000 	/System/Library/Frameworks/ServiceManagement.framework/Versions/A/ServiceManagement
0x00007fff483ff000 	/System/Library/PrivateFrameworks/BackgroundTaskManagement.framework/Versions/A/BackgroundTaskManagement
0x00007fff6c7ed000 	/usr/lib/libxslt.1.dylib
0x00007fff472a3000 	/System/Library/PrivateFrameworks/AppleSystemInfo.framework/Versions/A/AppleSystemInfo
0x00007fff3646a000 	/System/Library/Frameworks/ImageIO.framework/Versions/A/Resources/libJPEG.dylib
0x00007fff36726000 	/System/Library/Frameworks/ImageIO.framework/Versions/A/Resources/libTIFF.dylib
0x00007fff36709000 	/System/Library/Frameworks/ImageIO.framework/Versions/A/Resources/libPng.dylib
0x00007fff363ac000 	/System/Library/Frameworks/ImageIO.framework/Versions/A/Resources/libGIF.dylib
0x00007fff363b0000 	/System/Library/Frameworks/ImageIO.framework/Versions/A/Resources/libJP2.dylib
0x00007fff36724000 	/System/Library/Frameworks/ImageIO.framework/Versions/A/Resources/libRadiance.dylib
0x00007fff6b06e000 	/usr/lib/libexpat.1.dylib
0x00007fff46d8c000 	/System/Library/PrivateFrameworks/AppleJPEG.framework/Versions/A/AppleJPEG
0x00007fff4f9ce000 	/System/Library/PrivateFrameworks/FontServices.framework/libFontParser.dylib
0x00007fff66222000 	/System/Library/PrivateFrameworks/WatchdogClient.framework/Versions/A/WatchdogClient
0x00007fff57fa8000 	/System/Library/PrivateFrameworks/IOAccelerator.framework/Versions/A/IOAccelerator
0x00007fff38c34000 	/System/Library/Frameworks/MetalPerformanceShaders.framework/Versions/A/MetalPerformanceShaders
0x00007fff54741000 	/System/Library/PrivateFrameworks/GPUWrangler.framework/Versions/A/GPUWrangler
0x00007fff57fbd000 	/System/Library/PrivateFrameworks/IOPresentment.framework/Versions/A/IOPresentment
0x00007fff4d26f000 	/System/Library/PrivateFrameworks/DSExternalDisplay.framework/Versions/A/DSExternalDisplay
0x00007fff3d23b000 	/System/Library/Frameworks/OpenGL.framework/Versions/A/Libraries/libCoreFSCache.dylib
0x00007fff38980000 	/System/Library/Frameworks/MetalPerformanceShaders.framework/Frameworks/MPSCore.framework/Versions/A/MPSCore
0x00007fff389be000 	/System/Library/Frameworks/MetalPerformanceShaders.framework/Frameworks/MPSImage.framework/Versions/A/MPSImage
0x00007fff38a85000 	/System/Library/Frameworks/MetalPerformanceShaders.framework/Frameworks/MPSNeuralNetwork.framework/Versions/A/MPSNeuralNetwork
0x00007fff38a49000 	/System/Library/Frameworks/MetalPerformanceShaders.framework/Frameworks/MPSMatrix.framework/Versions/A/MPSMatrix
0x00007fff38be4000 	/System/Library/Frameworks/MetalPerformanceShaders.framework/Frameworks/MPSRayIntersector.framework/Versions/A/MPSRayIntersector
0x00007fff38a6f000 	/System/Library/Frameworks/MetalPerformanceShaders.framework/Frameworks/MPSNDArray.framework/Versions/A/MPSNDArray
0x00007fff59e23000 	/System/Library/PrivateFrameworks/MetalTools.framework/Versions/A/MetalTools
0x00007fff45eb9000 	/System/Library/PrivateFrameworks/AggregateDictionary.framework/Versions/A/AggregateDictionary
0x00007fff4ac18000 	/System/Library/PrivateFrameworks/CoreAnalytics.framework/Versions/A/CoreAnalytics
0x00007fff471c2000 	/System/Library/PrivateFrameworks/AppleSauce.framework/Versions/A/AppleSauce
0x00007fff6a02a000 	/usr/lib/libIOReport.dylib
0x00007fff3533c000 	/System/Library/Frameworks/CoreVideo.framework/Versions/A/CoreVideo
0x00007fff55bbb000 	/System/Library/PrivateFrameworks/GraphVisualizer.framework/Versions/A/GraphVisualizer
0x00007fff4ef22000 	/System/Library/PrivateFrameworks/FaceCore.framework/Versions/A/FaceCore
0x00007fff3c851000 	/System/Library/Frameworks/OpenCL.framework/Versions/A/OpenCL
0x00007fff69e4c000 	/usr/lib/libFosl_dynamic.dylib
0x00007fff5b2ec000 	/System/Library/PrivateFrameworks/OTSVG.framework/Versions/A/OTSVG
0x00007fff314fe000 	/System/Library/Frameworks/ApplicationServices.framework/Versions/A/Frameworks/ATS.framework/Versions/A/Resources/libFontRegistry.dylib
0x00007fff4fb9f000 	/System/Library/PrivateFrameworks/FontServices.framework/libhvf.dylib
0x00007fff3d246000 	/System/Library/Frameworks/OpenGL.framework/Versions/A/Libraries/libGFXShared.dylib
0x00007fff3d424000 	/System/Library/Frameworks/OpenGL.framework/Versions/A/Libraries/libGLU.dylib
0x00007fff3d24f000 	/System/Library/Frameworks/OpenGL.framework/Versions/A/Libraries/libGL.dylib
0x00007fff3d25a000 	/System/Library/Frameworks/OpenGL.framework/Versions/A/Libraries/libGLImage.dylib
0x00007fff3d238000 	/System/Library/Frameworks/OpenGL.framework/Versions/A/Libraries/libCVMSPluginSupport.dylib
0x00007fff3d241000 	/System/Library/Frameworks/OpenGL.framework/Versions/A/Libraries/libCoreVMClient.dylib
0x00007fff6bac0000 	/usr/lib/libncurses.5.4.dylib
0x00007fff313fa000 	/System/Library/Frameworks/ApplicationServices.framework/Versions/A/Frameworks/ATS.framework/Versions/A/ATS
0x00007fff315c7000 	/System/Library/Frameworks/ApplicationServices.framework/Versions/A/Frameworks/ColorSyncLegacy.framework/Versions/A/ColorSyncLegacy
0x00007fff31665000 	/System/Library/Frameworks/ApplicationServices.framework/Versions/A/Frameworks/HIServices.framework/Versions/A/HIServices
0x00007fff316bd000 	/System/Library/Frameworks/ApplicationServices.framework/Versions/A/Frameworks/LangAnalysis.framework/Versions/A/LangAnalysis
0x00007fff316cc000 	/System/Library/Frameworks/ApplicationServices.framework/Versions/A/Frameworks/PrintCore.framework/Versions/A/PrintCore
0x00007fff31712000 	/System/Library/Frameworks/ApplicationServices.framework/Versions/A/Frameworks/QD.framework/Versions/A/QD
0x00007fff3171d000 	/System/Library/Frameworks/ApplicationServices.framework/Versions/A/Frameworks/SpeechSynthesis.framework/Versions/A/SpeechSynthesis
0x00007fff31597000 	/System/Library/Frameworks/ApplicationServices.framework/Versions/A/Frameworks/ATSUI.framework/Versions/A/ATSUI
0x00007fff6af02000 	/usr/lib/libcups.2.dylib
0x00007fff37cd1000 	/System/Library/Frameworks/Kerberos.framework/Versions/A/Kerberos
0x00007fff35e12000 	/System/Library/Frameworks/GSS.framework/Versions/A/GSS
0x00007fff6c241000 	/usr/lib/libresolv.9.dylib
0x00007fff55d69000 	/System/Library/PrivateFrameworks/Heimdal.framework/Versions/A/Heimdal
0x00007fff37ce4000 	/System/Library/Frameworks/Kerberos.framework/Versions/A/Libraries/libHeimdalProxy.dylib
0x00007fff6b0ab000 	/usr/lib/libheimdal-asn1.dylib
0x00007fff4a0b1000 	/System/Library/PrivateFrameworks/CommonAuth.framework/Versions/A/CommonAuth
0x00007fff47340000 	/System/Library/PrivateFrameworks/AssertionServices.framework/Versions/A/AssertionServices
0x00007fff47ee2000 	/System/Library/PrivateFrameworks/AudioToolboxCore.framework/Versions/A/AudioToolboxCore
0x00007fff66ecc000 	/System/Library/PrivateFrameworks/caulk.framework/Versions/A/caulk
0x00007fff484ab000 	/System/Library/PrivateFrameworks/BaseBoard.framework/Versions/A/BaseBoard
0x00007fff5f537000 	/System/Library/PrivateFrameworks/RunningBoardServices.framework/Versions/A/RunningBoardServices
0x00007fff5c54b000 	/System/Library/PrivateFrameworks/PersistentConnection.framework/Versions/A/PersistentConnection
0x00007fff5ef31000 	/System/Library/PrivateFrameworks/ProtocolBuffer.framework/Versions/A/ProtocolBuffer
0x00007fff4a0d5000 	/System/Library/PrivateFrameworks/CommonUtilities.framework/Versions/A/CommonUtilities
0x00007fff48639000 	/System/Library/PrivateFrameworks/Bom.framework/Versions/A/Bom
0x00007fff69cfd000 	/usr/lib/libAudioToolboxUtility.dylib
0x00007fff48409000 	/System/Library/PrivateFrameworks/Backup.framework/Versions/A/Backup
0x00007fff4d190000 	/System/Library/PrivateFrameworks/CrashReporterSupport.framework/Versions/A/CrashReporterSupport
0x00007fff60fc5000 	/System/Library/PrivateFrameworks/Sharing.framework/Versions/A/Sharing
0x00007fff4694f000 	/System/Library/PrivateFrameworks/Apple80211.framework/Versions/A/Apple80211
0x00007fff48126000 	/System/Library/PrivateFrameworks/AuthKit.framework/Versions/A/AuthKit
0x00007fff4cea0000 	/System/Library/PrivateFrameworks/CoreUtils.framework/Versions/A/CoreUtils
0x00007fff35381000 	/System/Library/Frameworks/CoreWLAN.framework/Versions/A/CoreWLAN
0x00007fff35f9f000 	/System/Library/Frameworks/IOBluetooth.framework/Versions/A/IOBluetooth
0x00007fff5a127000 	/System/Library/PrivateFrameworks/MobileKeyBag.framework/Versions/A/MobileKeyBag
0x00007fff4bca6000 	/System/Library/PrivateFrameworks/CorePhoneNumbers.framework/Versions/A/CorePhoneNumbers
0x00007fff46d3f000 	/System/Library/PrivateFrameworks/AppleIDAuthSupport.framework/Versions/A/AppleIDAuthSupport
0x00007fff39cc9000 	/System/Library/Frameworks/Network.framework/Versions/A/Network
0x00007fff587f8000 	/System/Library/PrivateFrameworks/KeychainCircle.framework/Versions/A/KeychainCircle
0x00007fff32dda000 	/System/Library/Frameworks/CoreBluetooth.framework/Versions/A/CoreBluetooth
0x00007fff63042000 	/System/Library/PrivateFrameworks/SpeechRecognitionCore.framework/Versions/A/SpeechRecognitionCore
0x000000010d600000 	/Users/aramanjon/Library/Java/JavaVirtualMachines/corretto-1.8.0_252/Contents/Home/jre/lib/server/libjvm.dylib
0x000000010cd5c000 	/Users/aramanjon/Library/Java/JavaVirtualMachines/corretto-1.8.0_252/Contents/Home/jre/lib/libverify.dylib
0x000000010cd6d000 	/Users/aramanjon/Library/Java/JavaVirtualMachines/corretto-1.8.0_252/Contents/Home/jre/lib/libjava.dylib
0x000000010cda3000 	/Users/aramanjon/Library/Java/JavaVirtualMachines/corretto-1.8.0_252/Contents/Home/jre/lib/libjdwp.dylib
0x000000010cdde000 	/Users/aramanjon/Library/Java/JavaVirtualMachines/corretto-1.8.0_252/Contents/Home/jre/lib/libnpt.dylib
0x000000010dfb3000 	/Users/aramanjon/Library/Java/JavaVirtualMachines/corretto-1.8.0_252/Contents/Home/jre/lib/libinstrument.dylib
0x000000010cdf1000 	/Users/aramanjon/Library/Java/JavaVirtualMachines/corretto-1.8.0_252/Contents/Home/jre/lib/libzip.dylib
0x00000001164e3000 	/Users/aramanjon/Library/Java/JavaVirtualMachines/corretto-1.8.0_252/Contents/Home/jre/lib/libdt_socket.dylib
0x0000000116942000 	/Users/aramanjon/Library/Java/JavaVirtualMachines/corretto-1.8.0_252/Contents/Home/jre/lib/libnio.dylib
0x0000000116955000 	/Users/aramanjon/Library/Java/JavaVirtualMachines/corretto-1.8.0_252/Contents/Home/jre/lib/libnet.dylib

VM Arguments:
jvm_args: -agentlib:jdwp=transport=dt_socket,address=127.0.0.1:49513,suspend=y,server=n -ea -Didea.test.cyclic.buffer.size=1048576 -javaagent:/Users/aramanjon/Library/Caches/JetBrains/IdeaIC2020.1/captureAgent/debugger-agent.jar -Dfile.encoding=UTF-8 
java_command: com.intellij.rt.junit.JUnitStarter -ideVersion5 -junit4 com.kubikdata.controllers.UserSessionControllerEndToEndShould,test
java_class_path (initial): /Applications/IntelliJ IDEA CE.app/Contents/lib/idea_rt.jar:/Applications/IntelliJ IDEA CE.app/Contents/plugins/junit/lib/junit5-rt.jar:/Applications/IntelliJ IDEA CE.app/Contents/plugins/junit/lib/junit-rt.jar:/Users/aramanjon/Library/Java/JavaVirtualMachines/corretto-1.8.0_252/Contents/Home/jre/lib/charsets.jar:/Users/aramanjon/Library/Java/JavaVirtualMachines/corretto-1.8.0_252/Contents/Home/jre/lib/ext/cldrdata.jar:/Users/aramanjon/Library/Java/JavaVirtualMachines/corretto-1.8.0_252/Contents/Home/jre/lib/ext/dnsns.jar:/Users/aramanjon/Library/Java/JavaVirtualMachines/corretto-1.8.0_252/Contents/Home/jre/lib/ext/jaccess.jar:/Users/aramanjon/Library/Java/JavaVirtualMachines/corretto-1.8.0_252/Contents/Home/jre/lib/ext/jfxrt.jar:/Users/aramanjon/Library/Java/JavaVirtualMachines/corretto-1.8.0_252/Contents/Home/jre/lib/ext/localedata.jar:/Users/aramanjon/Library/Java/JavaVirtualMachines/corretto-1.8.0_252/Contents/Home/jre/lib/ext/nashorn.jar:/Users/aramanjon/Library/Java/JavaVirtualMachines/corretto-1.8.0_252/Contents/Home/jre/lib/ext/sunec.jar:/Users/aramanjon/Library/Java/JavaVirtualMachines/corretto-1.8.0_252/Contents/Home/jre/lib/ext/sunjce_provider.jar:/Users/aramanjon/Library/Java/JavaVirtualMachines/corretto-1.8.0_252/Contents/Home/jre/lib/ext/sunpkcs11.jar:/Users/aramanjon/Library/Java/JavaVirtualMachines/corretto-1.8.0_252/Contents/Home/jre/lib/ext/zipfs.jar:/Users/aramanjon/Library/Java/JavaVirtualMachines/corretto-1.8.0_252/Contents/Home/jre/lib/jce.jar:/Users/aramanjon/Library/Java/JavaVirtualMachines/corretto-1.8.0_252/Contents/Home/jre/lib/jfxswt.jar:/Users/aramanjon/Library/Java/JavaVirtualMachines/corretto-1.8.0_252/Contents/Home/jre/lib/jsse.jar:/Users/aramanjon/Library/Java/JavaVirtualMachines/corretto-1.8.0_252/Contents/Home/jre/lib/management-agent.jar:/Users/aramanjon/Library/Java/JavaVirtualMachines/corretto-1.8.0_252/Contents/Home/jre/lib/resources.jar:/Users/aramanjon/Library/Java/JavaVirtualMachines/corretto-1.8
Launcher Type: SUN_STANDARD

Environment Variables:
PATH=/usr/local/bin:/usr/bin:/bin:/usr/sbin:/sbin
SHELL=/bin/zsh

Signal Handlers:
SIGSEGV: [libjvm.dylib+0x587fbb], sa_mask[0]=11111111011111110111111111111111, sa_flags=SA_ONSTACK|SA_RESTART|SA_SIGINFO
SIGBUS: [libjvm.dylib+0x587fbb], sa_mask[0]=11111111011111110111111111111111, sa_flags=SA_RESTART|SA_SIGINFO
SIGFPE: [libjvm.dylib+0x4712f1], sa_mask[0]=11111111011111110111111111111111, sa_flags=SA_RESTART|SA_SIGINFO
SIGPIPE: [libjvm.dylib+0x4712f1], sa_mask[0]=11111111011111110111111111111111, sa_flags=SA_RESTART|SA_SIGINFO
SIGXFSZ: [libjvm.dylib+0x4712f1], sa_mask[0]=11111111011111110111111111111111, sa_flags=SA_RESTART|SA_SIGINFO
SIGILL: [libjvm.dylib+0x4712f1], sa_mask[0]=11111111011111110111111111111111, sa_flags=SA_RESTART|SA_SIGINFO
SIGUSR1: SIG_DFL, sa_mask[0]=00000000000000000000000000000000, sa_flags=none
SIGUSR2: [libjvm.dylib+0x471bf9], sa_mask[0]=00100000000000000000000000000000, sa_flags=SA_RESTART|SA_SIGINFO
SIGHUP: [libjvm.dylib+0x46fe51], sa_mask[0]=11111111011111110111111111111111, sa_flags=SA_RESTART|SA_SIGINFO
SIGINT: [libjvm.dylib+0x46fe51], sa_mask[0]=11111111011111110111111111111111, sa_flags=SA_RESTART|SA_SIGINFO
SIGTERM: [libjvm.dylib+0x46fe51], sa_mask[0]=11111111011111110111111111111111, sa_flags=SA_RESTART|SA_SIGINFO
SIGQUIT: [libjvm.dylib+0x46fe51], sa_mask[0]=11111111011111110111111111111111, sa_flags=SA_RESTART|SA_SIGINFO


---------------  S Y S T E M  ---------------

OS:Bsduname:Darwin 19.4.0 Darwin Kernel Version 19.4.0: Wed Mar  4 22:28:40 PST 2020; root:xnu-6153.101.6~15/RELEASE_X86_64 x86_64
rlimit: STACK 8192k, CORE 0k, NPROC 1392, NOFILE 10240, AS infinity
load average:6.48 5.16 4.94

CPU:total 4 (initial active 4) (2 cores per cpu, 2 threads per core) family 6 model 142 stepping 9, cmov, cx8, fxsr, mmx, sse, sse2, sse3, ssse3, sse4.1, sse4.2, popcnt, avx, avx2, aes, clmul, erms, 3dnowpref, lzcnt, ht, tsc, tscinvbit, bmi1, bmi2, adx

Memory: 4k page, physical 8388608k(21112k free)

/proc/meminfo:


vm_info: OpenJDK 64-Bit Server VM (25.252-b09) for bsd-amd64 JRE (1.8.0_252-b09), built on Apr 10 2020 14:13:29 by "corretto" with gcc 4.2.1 Compatible Apple LLVM 6.1.0 (clang-602.0.53)

time: Sat May  9 15:17:42 2020
timezone: CEST
elapsed time: 141 seconds (0d 0h 2m 21s)

